Using pre-set license
Built from '2020.3/staging' branch; Version is '2020.3.19f1 (68f137dc9bbe) revision 6877495'; Using compiler version '192528614'; Build Type 'Release'
OS: 'Windows 10 Pro; OS build 19043.1288; Version 2009; 64bit' Language: 'zh' Physical Memory: 16297 MB
BatchMode: 1, IsHumanControllingUs: 0, StartBugReporterOnCrash: 0, Is64bit: 1, IsPro: 0

COMMAND LINE ARGUMENTS:
C:\Program Files\Unity\Hub\Editor\2020.3.19f1\Editor\Unity.exe
-adb2
-batchMode
-noUpm
-name
AssetImportWorker0
-projectPath
C:/Users/polin/Desktop/609410151_HW0
-logFile
Logs/AssetImportWorker0.log
-srvPort
6581
Successfully changed project path to: C:/Users/polin/Desktop/609410151_HW0
C:/Users/polin/Desktop/609410151_HW0
Using Asset Import Pipeline V2.
Refreshing native plugins compatible for Editor in 90.16 ms, found 2 plugins.
Preloading 0 native plugins for Editor in 0.00 ms.
Initialize engine version: 2020.3.19f1 (68f137dc9bbe)
[Subsystems] Discovering subsystems at path C:/Program Files/Unity/Hub/Editor/2020.3.19f1/Editor/Data/Resources/UnitySubsystems
[Subsystems] Discovering subsystems at path C:/Users/polin/Desktop/609410151_HW0/Assets
GfxDevice: creating device client; threaded=0
Direct3D:
    Version:  Direct3D 11.0 [level 10.1]
    Renderer: Intel(R) HD Graphics (ID=0x102)
    Vendor:   
    VRAM:     128 MB
    Driver:   9.17.10.4459
Initialize mono
Mono path[0] = 'C:/Program Files/Unity/Hub/Editor/2020.3.19f1/Editor/Data/Managed'
Mono path[1] = 'C:/Program Files/Unity/Hub/Editor/2020.3.19f1/Editor/Data/MonoBleedingEdge/lib/mono/unityjit'
Mono config path = 'C:/Program Files/Unity/Hub/Editor/2020.3.19f1/Editor/Data/MonoBleedingEdge/etc'
Using monoOptions --debugger-agent=transport=dt_socket,embedding=1,server=y,suspend=n,address=127.0.0.1:56668
Begin MonoManager ReloadAssembly
Registering precompiled unity dll's ...
Register platform support module: C:/Program Files/Unity/Hub/Editor/2020.3.19f1/Editor/Data/PlaybackEngines/WindowsStandaloneSupport/UnityEditor.WindowsStandalone.Extensions.dll
Registered in 0.002473 seconds.
Native extension for WindowsStandalone target not found
Refreshing native plugins compatible for Editor in 66.48 ms, found 2 plugins.
Preloading 0 native plugins for Editor in 0.00 ms.
Mono: successfully reloaded assembly
- Completed reload, in  1.621 seconds
Domain Reload Profiling:
	ReloadAssembly (1622ms)
		BeginReloadAssembly (89ms)
			ExecutionOrderSort (0ms)
			DisableScriptedObjects (0ms)
			BackupInstance (0ms)
			ReleaseScriptingObjects (0ms)
			CreateAndSetChildDomain (2ms)
		EndReloadAssembly (610ms)
			LoadAssemblies (84ms)
			RebuildTransferFunctionScriptingTraits (0ms)
			SetupTypeCache (234ms)
			ReleaseScriptCaches (0ms)
			RebuildScriptCaches (44ms)
			SetupLoadedEditorAssemblies (233ms)
				LogAssemblyErrors (0ms)
				InitializePlatformSupportModulesInManaged (5ms)
				SetLoadedEditorAssemblies (0ms)
				RefreshPlugins (67ms)
				BeforeProcessingInitializeOnLoad (13ms)
				ProcessInitializeOnLoadAttributes (109ms)
				ProcessInitializeOnLoadMethodAttributes (40ms)
				AfterProcessingInitializeOnLoad (0ms)
				EditorAssembliesLoaded (0ms)
			ExecutionOrderSort2 (0ms)
			AwakeInstancesAfterBackupRestoration (0ms)
Platform modules already initialized, skipping
Registering precompiled user dll's ...
Registered in 0.005544 seconds.
Begin MonoManager ReloadAssembly
Native extension for WindowsStandalone target not found
Refreshing native plugins compatible for Editor in 1.00 ms, found 2 plugins.
Preloading 0 native plugins for Editor in 0.00 ms.
Mono: successfully reloaded assembly
- Completed reload, in  1.793 seconds
Domain Reload Profiling:
	ReloadAssembly (1795ms)
		BeginReloadAssembly (204ms)
			ExecutionOrderSort (0ms)
			DisableScriptedObjects (7ms)
			BackupInstance (0ms)
			ReleaseScriptingObjects (0ms)
			CreateAndSetChildDomain (25ms)
		EndReloadAssembly (1503ms)
			LoadAssemblies (125ms)
			RebuildTransferFunctionScriptingTraits (0ms)
			SetupTypeCache (425ms)
			ReleaseScriptCaches (1ms)
			RebuildScriptCaches (67ms)
			SetupLoadedEditorAssemblies (708ms)
				LogAssemblyErrors (0ms)
				InitializePlatformSupportModulesInManaged (7ms)
				SetLoadedEditorAssemblies (1ms)
				RefreshPlugins (1ms)
				BeforeProcessingInitializeOnLoad (118ms)
				ProcessInitializeOnLoadAttributes (500ms)
				ProcessInitializeOnLoadMethodAttributes (68ms)
				AfterProcessingInitializeOnLoad (11ms)
				EditorAssembliesLoaded (0ms)
			ExecutionOrderSort2 (0ms)
			AwakeInstancesAfterBackupRestoration (15ms)
Platform modules already initialized, skipping
========================================================================
Worker process is ready to serve import requests
Launched and connected shader compiler UnityShaderCompiler.exe after 0.11 seconds
Refreshing native plugins compatible for Editor in 1.00 ms, found 2 plugins.
Preloading 0 native plugins for Editor in 0.00 ms.
Unloading 1971 Unused Serialized files (Serialized files now loaded: 0)
System memory in use before: 81.0 MB.
System memory in use after: 81.1 MB.

Unloading 56 unused Assets to reduce memory usage. Loaded Objects now: 2377.
Total: 8.275800 ms (FindLiveObjects: 0.410200 ms CreateObjectMapping: 0.087200 ms MarkObjects: 7.668200 ms  DeleteObjects: 0.106900 ms)

AssetImportParameters requested are different than current active one (requested -> active):
  custom:framework-win-MediaFoundation: 216162199b28c13a410421893ffa2e32 -> 
  custom:video-decoder-ogg-theora: a1e56fd34408186e4bbccfd4996cb3dc -> 
  custom:container-muxer-webm: aa71ff27fc2769a1b78a27578f13a17b -> 
  custom:container-demuxer-webm: 4f35f7cbe854078d1ac9338744f61a02 -> 
  custom:container-demuxer-ogg: 62fdf1f143b41e24485cea50d1cbac27 -> 
  custom:video-encoder-webm-vp8: eb34c28f22e8b96e1ab97ce403110664 -> 
  custom:video-decoder-webm-vp8: 9c59270c3fd7afecdb556c50c9e8de78 -> 
  custom:audio-decoder-ogg-vorbis: bf7c407c2cedff20999df2af8eb42d56 -> 
  custom:audio-encoder-webm-vorbis: bf7c407c2cedff20999df2af8eb42d56 -> 
========================================================================
Received Import Request.
  path: Assets/1.jpg
  artifactKey: Guid(48c325dcce37cff4ca89f3f54ee9a221) Importer(815301076,1909f56bfc062723c751e8b465ee728b)
Start importing Assets/1.jpg using Guid(48c325dcce37cff4ca89f3f54ee9a221) Importer(815301076,1909f56bfc062723c751e8b465ee728b)  -> (artifact id: '45c4c580eb73c55349e56e045637dd2e') in 0.140740 seconds 
  Import took 0.145253 seconds .

========================================================================
Received Import Request.
  Time since last request: 0.000240 seconds.
  path: Assets/lindang.mp3
  artifactKey: Guid(083b501633cc7814398170357705a9fb) Importer(815301076,1909f56bfc062723c751e8b465ee728b)
Start importing Assets/lindang.mp3 using Guid(083b501633cc7814398170357705a9fb) Importer(815301076,1909f56bfc062723c751e8b465ee728b)  -> (artifact id: '1c0bc4c9fa378629cf552e891827aae3') in 0.127782 seconds 
  Import took 0.132685 seconds .

========================================================================
Received Import Request.
  Time since last request: 0.000235 seconds.
  path: Assets/wall_sound.mp3
  artifactKey: Guid(8ac7fbf2f3b65354f885551ccc222ea6) Importer(815301076,1909f56bfc062723c751e8b465ee728b)
Start importing Assets/wall_sound.mp3 using Guid(8ac7fbf2f3b65354f885551ccc222ea6) Importer(815301076,1909f56bfc062723c751e8b465ee728b)  -> (artifact id: '18528b034cc619ecf40d5d3d7c2fe32b') in 0.016772 seconds 
  Import took 0.020569 seconds .

========================================================================
Received Import Request.
  Time since last request: 0.000258 seconds.
  path: Assets/walk.mp3
  artifactKey: Guid(a54fddb36333e2a41b7efba8a6e3012f) Importer(815301076,1909f56bfc062723c751e8b465ee728b)
Start importing Assets/walk.mp3 using Guid(a54fddb36333e2a41b7efba8a6e3012f) Importer(815301076,1909f56bfc062723c751e8b465ee728b)  -> (artifact id: 'e49ea35b20f83c85ef05807ca65d3c4f') in 0.018565 seconds 
  Import took 0.023585 seconds .

========================================================================
Received Import Request.
  Time since last request: 228.806074 seconds.
  path: Assets/foodiesfeed.com_oranges-with-ice.jpg
  artifactKey: Guid(836fa6889d61d88479e4ce93d158d9e8) Importer(815301076,1909f56bfc062723c751e8b465ee728b)
Start importing Assets/foodiesfeed.com_oranges-with-ice.jpg using Guid(836fa6889d61d88479e4ce93d158d9e8) Importer(815301076,1909f56bfc062723c751e8b465ee728b)  -> (artifact id: 'b4eb46b5f307a50778525f8c0f4ceb47') in 0.079223 seconds 
  Import took 0.083729 seconds .

========================================================================
Received Import Request.
  Time since last request: 17.574628 seconds.
  path: Assets/_Scenes
  artifactKey: Guid(75f9cb44699c74a23b6f1eda556e9868) Importer(815301076,1909f56bfc062723c751e8b465ee728b)
Start importing Assets/_Scenes using Guid(75f9cb44699c74a23b6f1eda556e9868) Importer(815301076,1909f56bfc062723c751e8b465ee728b)  -> (artifact id: '479fac3d1e1a7fe0f6f59270c1e2358c') in 0.008612 seconds 
  Import took 0.013189 seconds .

========================================================================
Received Import Request.
  Time since last request: 0.096067 seconds.
  path: Assets/_Scenes/blue.PNG
  artifactKey: Guid(2093210f344a79941afedabc6fae4e1c) Importer(815301076,1909f56bfc062723c751e8b465ee728b)
Start importing Assets/_Scenes/blue.PNG using Guid(2093210f344a79941afedabc6fae4e1c) Importer(815301076,1909f56bfc062723c751e8b465ee728b)  -> (artifact id: 'eb97c09e8d1141e6b8c2fcd75e2ec0db') in 0.021332 seconds 
  Import took 0.025139 seconds .

========================================================================
Received Import Request.
  Time since last request: 0.000224 seconds.
  path: Assets/_Scenes/黑色.PNG
  artifactKey: Guid(68f575035c1dd9e40bb7baf69d3c9233) Importer(815301076,1909f56bfc062723c751e8b465ee728b)
Start importing Assets/_Scenes/黑色.PNG using Guid(68f575035c1dd9e40bb7baf69d3c9233) Importer(815301076,1909f56bfc062723c751e8b465ee728b)  -> (artifact id: '82dbe523b3d776e7eefd943b26510f90') in 0.013688 seconds 
  Import took 0.016936 seconds .

========================================================================
Received Import Request.
  Time since last request: 0.000278 seconds.
  path: Assets/_Scenes/黑色 1.PNG
  artifactKey: Guid(44c820380043ef64da367164cc9912e7) Importer(815301076,1909f56bfc062723c751e8b465ee728b)
Start importing Assets/_Scenes/黑色 1.PNG using Guid(44c820380043ef64da367164cc9912e7) Importer(815301076,1909f56bfc062723c751e8b465ee728b)  -> (artifact id: 'd0abc3b5efbb25e8fe7807b28fcbf960') in 0.041379 seconds 
  Import took 0.044761 seconds .

========================================================================
Received Import Request.
  Time since last request: 1.794229 seconds.
  path: Assets/_Scenes/hw0_1.unity
  artifactKey: Guid(9fbd460bc99d9b3498697fb03339b18f) Importer(815301076,1909f56bfc062723c751e8b465ee728b)
Start importing Assets/_Scenes/hw0_1.unity using Guid(9fbd460bc99d9b3498697fb03339b18f) Importer(815301076,1909f56bfc062723c751e8b465ee728b)  -> (artifact id: 'b5174ae01e7af2f6f2a400ea0a8d26c6') in 0.008403 seconds 
  Import took 0.012922 seconds .

========================================================================
Received Import Request.
  Time since last request: 6.559956 seconds.
  path: Assets/_Scenes/hw0_1.unity
  artifactKey: Guid(9fbd460bc99d9b3498697fb03339b18f) Importer(815301076,1909f56bfc062723c751e8b465ee728b)
Start importing Assets/_Scenes/hw0_1.unity using Guid(9fbd460bc99d9b3498697fb03339b18f) Importer(815301076,1909f56bfc062723c751e8b465ee728b)  -> (artifact id: '5bee8572aa38ec3975a86ebb7df433bf') in 0.002989 seconds 
  Import took 0.007017 seconds .

========================================================================
Received Prepare
Registering precompiled user dll's ...
Registered in 0.005773 seconds.
Begin MonoManager ReloadAssembly
Native extension for WindowsStandalone target not found
Refreshing native plugins compatible for Editor in 0.92 ms, found 2 plugins.
Preloading 0 native plugins for Editor in 0.00 ms.
Mono: successfully reloaded assembly
- Completed reload, in  1.425 seconds
Domain Reload Profiling:
	ReloadAssembly (1425ms)
		BeginReloadAssembly (152ms)
			ExecutionOrderSort (0ms)
			DisableScriptedObjects (8ms)
			BackupInstance (0ms)
			ReleaseScriptingObjects (0ms)
			CreateAndSetChildDomain (42ms)
		EndReloadAssembly (1185ms)
			LoadAssemblies (146ms)
			RebuildTransferFunctionScriptingTraits (0ms)
			SetupTypeCache (382ms)
			ReleaseScriptCaches (1ms)
			RebuildScriptCaches (64ms)
			SetupLoadedEditorAssemblies (443ms)
				LogAssemblyErrors (0ms)
				InitializePlatformSupportModulesInManaged (7ms)
				SetLoadedEditorAssemblies (1ms)
				RefreshPlugins (1ms)
				BeforeProcessingInitializeOnLoad (92ms)
				ProcessInitializeOnLoadAttributes (293ms)
				ProcessInitializeOnLoadMethodAttributes (42ms)
				AfterProcessingInitializeOnLoad (8ms)
				EditorAssembliesLoaded (0ms)
			ExecutionOrderSort2 (0ms)
			AwakeInstancesAfterBackupRestoration (9ms)
Platform modules already initialized, skipping
Refreshing native plugins compatible for Editor in 0.90 ms, found 2 plugins.
Preloading 0 native plugins for Editor in 0.00 ms.
Unloading 1965 Unused Serialized files (Serialized files now loaded: 0)
System memory in use before: 83.9 MB.
System memory in use after: 84.0 MB.

Unloading 47 unused Assets to reduce memory usage. Loaded Objects now: 2392.
Total: 8.435900 ms (FindLiveObjects: 0.234400 ms CreateObjectMapping: 0.072000 ms MarkObjects: 8.078300 ms  DeleteObjects: 0.048600 ms)

AssetImportParameters requested are different than current active one (requested -> active):
  custom:framework-win-MediaFoundation: 216162199b28c13a410421893ffa2e32 -> 
  custom:video-decoder-ogg-theora: a1e56fd34408186e4bbccfd4996cb3dc -> 
  custom:container-muxer-webm: aa71ff27fc2769a1b78a27578f13a17b -> 
  custom:container-demuxer-webm: 4f35f7cbe854078d1ac9338744f61a02 -> 
  custom:container-demuxer-ogg: 62fdf1f143b41e24485cea50d1cbac27 -> 
  custom:video-encoder-webm-vp8: eb34c28f22e8b96e1ab97ce403110664 -> 
  custom:video-decoder-webm-vp8: 9c59270c3fd7afecdb556c50c9e8de78 -> 
  custom:audio-decoder-ogg-vorbis: bf7c407c2cedff20999df2af8eb42d56 -> 
  custom:audio-encoder-webm-vorbis: bf7c407c2cedff20999df2af8eb42d56 -> 
========================================================================
Received Import Request.
  Time since last request: 264.155744 seconds.
  path: Assets/_Scenes/hw0_0.unity
  artifactKey: Guid(43e5ddd7ab55ab946bcd9fc3eca2d3cc) Importer(815301076,1909f56bfc062723c751e8b465ee728b)
Start importing Assets/_Scenes/hw0_0.unity using Guid(43e5ddd7ab55ab946bcd9fc3eca2d3cc) Importer(815301076,1909f56bfc062723c751e8b465ee728b)  -> (artifact id: '379b0d3b63b5ef5386564be8e724f21d') in 0.023550 seconds 
  Import took 0.028251 seconds .

========================================================================
Received Prepare
Registering precompiled user dll's ...
Registered in 0.006140 seconds.
Begin MonoManager ReloadAssembly
Native extension for WindowsStandalone target not found
Refreshing native plugins compatible for Editor in 1.01 ms, found 2 plugins.
Preloading 0 native plugins for Editor in 0.00 ms.
Mono: successfully reloaded assembly
- Completed reload, in  1.576 seconds
Domain Reload Profiling:
	ReloadAssembly (1577ms)
		BeginReloadAssembly (156ms)
			ExecutionOrderSort (0ms)
			DisableScriptedObjects (8ms)
			BackupInstance (0ms)
			ReleaseScriptingObjects (0ms)
			CreateAndSetChildDomain (45ms)
		EndReloadAssembly (1272ms)
			LoadAssemblies (154ms)
			RebuildTransferFunctionScriptingTraits (0ms)
			SetupTypeCache (386ms)
			ReleaseScriptCaches (1ms)
			RebuildScriptCaches (85ms)
			SetupLoadedEditorAssemblies (509ms)
				LogAssemblyErrors (0ms)
				InitializePlatformSupportModulesInManaged (7ms)
				SetLoadedEditorAssemblies (1ms)
				RefreshPlugins (1ms)
				BeforeProcessingInitializeOnLoad (125ms)
				ProcessInitializeOnLoadAttributes (320ms)
				ProcessInitializeOnLoadMethodAttributes (46ms)
				AfterProcessingInitializeOnLoad (8ms)
				EditorAssembliesLoaded (0ms)
			ExecutionOrderSort2 (0ms)
			AwakeInstancesAfterBackupRestoration (11ms)
Platform modules already initialized, skipping
Refreshing native plugins compatible for Editor in 1.01 ms, found 2 plugins.
Preloading 0 native plugins for Editor in 0.00 ms.
Unloading 1965 Unused Serialized files (Serialized files now loaded: 0)
System memory in use before: 83.9 MB.
System memory in use after: 84.0 MB.

Unloading 47 unused Assets to reduce memory usage. Loaded Objects now: 2394.
Total: 8.755100 ms (FindLiveObjects: 0.214700 ms CreateObjectMapping: 0.080400 ms MarkObjects: 8.401400 ms  DeleteObjects: 0.055400 ms)

AssetImportParameters requested are different than current active one (requested -> active):
  custom:framework-win-MediaFoundation: 216162199b28c13a410421893ffa2e32 -> 
  custom:video-decoder-ogg-theora: a1e56fd34408186e4bbccfd4996cb3dc -> 
  custom:container-muxer-webm: aa71ff27fc2769a1b78a27578f13a17b -> 
  custom:container-demuxer-webm: 4f35f7cbe854078d1ac9338744f61a02 -> 
  custom:container-demuxer-ogg: 62fdf1f143b41e24485cea50d1cbac27 -> 
  custom:video-encoder-webm-vp8: eb34c28f22e8b96e1ab97ce403110664 -> 
  custom:video-decoder-webm-vp8: 9c59270c3fd7afecdb556c50c9e8de78 -> 
  custom:audio-decoder-ogg-vorbis: bf7c407c2cedff20999df2af8eb42d56 -> 
  custom:audio-encoder-webm-vorbis: bf7c407c2cedff20999df2af8eb42d56 -> 
========================================================================
Received Prepare
Registering precompiled user dll's ...
Registered in 0.005596 seconds.
Begin MonoManager ReloadAssembly
Native extension for WindowsStandalone target not found
Refreshing native plugins compatible for Editor in 0.91 ms, found 2 plugins.
Preloading 0 native plugins for Editor in 0.00 ms.
Mono: successfully reloaded assembly
- Completed reload, in  1.587 seconds
Domain Reload Profiling:
	ReloadAssembly (1588ms)
		BeginReloadAssembly (176ms)
			ExecutionOrderSort (0ms)
			DisableScriptedObjects (10ms)
			BackupInstance (0ms)
			ReleaseScriptingObjects (0ms)
			CreateAndSetChildDomain (58ms)
		EndReloadAssembly (1213ms)
			LoadAssemblies (141ms)
			RebuildTransferFunctionScriptingTraits (0ms)
			SetupTypeCache (392ms)
			ReleaseScriptCaches (2ms)
			RebuildScriptCaches (68ms)
			SetupLoadedEditorAssemblies (470ms)
				LogAssemblyErrors (0ms)
				InitializePlatformSupportModulesInManaged (6ms)
				SetLoadedEditorAssemblies (1ms)
				RefreshPlugins (1ms)
				BeforeProcessingInitializeOnLoad (96ms)
				ProcessInitializeOnLoadAttributes (312ms)
				ProcessInitializeOnLoadMethodAttributes (46ms)
				AfterProcessingInitializeOnLoad (8ms)
				EditorAssembliesLoaded (0ms)
			ExecutionOrderSort2 (0ms)
			AwakeInstancesAfterBackupRestoration (11ms)
Platform modules already initialized, skipping
Refreshing native plugins compatible for Editor in 1.15 ms, found 2 plugins.
Preloading 0 native plugins for Editor in 0.00 ms.
Unloading 1965 Unused Serialized files (Serialized files now loaded: 0)
System memory in use before: 84.0 MB.
System memory in use after: 84.1 MB.

Unloading 47 unused Assets to reduce memory usage. Loaded Objects now: 2396.
Total: 8.401600 ms (FindLiveObjects: 0.292700 ms CreateObjectMapping: 0.114700 ms MarkObjects: 7.946500 ms  DeleteObjects: 0.045600 ms)

AssetImportParameters requested are different than current active one (requested -> active):
  custom:framework-win-MediaFoundation: 216162199b28c13a410421893ffa2e32 -> 
  custom:video-decoder-ogg-theora: a1e56fd34408186e4bbccfd4996cb3dc -> 
  custom:container-muxer-webm: aa71ff27fc2769a1b78a27578f13a17b -> 
  custom:container-demuxer-webm: 4f35f7cbe854078d1ac9338744f61a02 -> 
  custom:container-demuxer-ogg: 62fdf1f143b41e24485cea50d1cbac27 -> 
  custom:video-encoder-webm-vp8: eb34c28f22e8b96e1ab97ce403110664 -> 
  custom:video-decoder-webm-vp8: 9c59270c3fd7afecdb556c50c9e8de78 -> 
  custom:audio-decoder-ogg-vorbis: bf7c407c2cedff20999df2af8eb42d56 -> 
  custom:audio-encoder-webm-vorbis: bf7c407c2cedff20999df2af8eb42d56 -> 
========================================================================
Received Prepare
Registering precompiled user dll's ...
Registered in 0.005712 seconds.
Begin MonoManager ReloadAssembly
Native extension for WindowsStandalone target not found
Refreshing native plugins compatible for Editor in 0.98 ms, found 2 plugins.
Preloading 0 native plugins for Editor in 0.00 ms.
Mono: successfully reloaded assembly
- Completed reload, in  1.472 seconds
Domain Reload Profiling:
	ReloadAssembly (1473ms)
		BeginReloadAssembly (155ms)
			ExecutionOrderSort (0ms)
			DisableScriptedObjects (8ms)
			BackupInstance (0ms)
			ReleaseScriptingObjects (0ms)
			CreateAndSetChildDomain (43ms)
		EndReloadAssembly (1170ms)
			LoadAssemblies (125ms)
			RebuildTransferFunctionScriptingTraits (0ms)
			SetupTypeCache (376ms)
			ReleaseScriptCaches (1ms)
			RebuildScriptCaches (66ms)
			SetupLoadedEditorAssemblies (458ms)
				LogAssemblyErrors (0ms)
				InitializePlatformSupportModulesInManaged (6ms)
				SetLoadedEditorAssemblies (1ms)
				RefreshPlugins (1ms)
				BeforeProcessingInitializeOnLoad (93ms)
				ProcessInitializeOnLoadAttributes (305ms)
				ProcessInitializeOnLoadMethodAttributes (43ms)
				AfterProcessingInitializeOnLoad (8ms)
				EditorAssembliesLoaded (0ms)
			ExecutionOrderSort2 (0ms)
			AwakeInstancesAfterBackupRestoration (10ms)
Platform modules already initialized, skipping
Refreshing native plugins compatible for Editor in 0.94 ms, found 2 plugins.
Preloading 0 native plugins for Editor in 0.00 ms.
Unloading 1965 Unused Serialized files (Serialized files now loaded: 0)
System memory in use before: 84.0 MB.
System memory in use after: 84.1 MB.

Unloading 47 unused Assets to reduce memory usage. Loaded Objects now: 2398.
Total: 7.940300 ms (FindLiveObjects: 0.191200 ms CreateObjectMapping: 0.075200 ms MarkObjects: 7.633700 ms  DeleteObjects: 0.038000 ms)

AssetImportParameters requested are different than current active one (requested -> active):
  custom:framework-win-MediaFoundation: 216162199b28c13a410421893ffa2e32 -> 
  custom:video-decoder-ogg-theora: a1e56fd34408186e4bbccfd4996cb3dc -> 
  custom:container-muxer-webm: aa71ff27fc2769a1b78a27578f13a17b -> 
  custom:container-demuxer-webm: 4f35f7cbe854078d1ac9338744f61a02 -> 
  custom:container-demuxer-ogg: 62fdf1f143b41e24485cea50d1cbac27 -> 
  custom:video-encoder-webm-vp8: eb34c28f22e8b96e1ab97ce403110664 -> 
  custom:video-decoder-webm-vp8: 9c59270c3fd7afecdb556c50c9e8de78 -> 
  custom:audio-decoder-ogg-vorbis: bf7c407c2cedff20999df2af8eb42d56 -> 
  custom:audio-encoder-webm-vorbis: bf7c407c2cedff20999df2af8eb42d56 -> 
========================================================================
Received Import Request.
  Time since last request: 292.915719 seconds.
  path: Assets/_Scenes/hw0_0/LightingData.asset
  artifactKey: Guid(db765c56670d6124aa552f58ce0ee76b) Importer(815301076,1909f56bfc062723c751e8b465ee728b)
Start importing Assets/_Scenes/hw0_0/LightingData.asset using Guid(db765c56670d6124aa552f58ce0ee76b) Importer(815301076,1909f56bfc062723c751e8b465ee728b) Lighting data asset ‘LightingData’ is incompatible with the current Unity version. Please use Generate Lighting to rebuild the lighting data.  Realtime Global Illumination cannot be used until the lighting data is rebuilt.
 -> (artifact id: '8a7a1d1dcd9fca555fe52619044ed15d') in 0.023946 seconds 
  Import took 0.027992 seconds .

========================================================================
Received Import Request.
  Time since last request: 0.000340 seconds.
  path: Assets/_Scenes/hw0_0/ReflectionProbe-0.exr
  artifactKey: Guid(cc9a576a0a205b34991c06956b798980) Importer(815301076,1909f56bfc062723c751e8b465ee728b)
Start importing Assets/_Scenes/hw0_0/ReflectionProbe-0.exr using Guid(cc9a576a0a205b34991c06956b798980) Importer(815301076,1909f56bfc062723c751e8b465ee728b)  -> (artifact id: '4e52e91284c714e9ca0390efd827f05e') in 0.152794 seconds 
  Import took 0.157573 seconds .

========================================================================
Received Import Request.
  Time since last request: 0.299817 seconds.
  path: Assets/_Scenes/hw0_1/LightingData.asset
  artifactKey: Guid(d8dfcc44b71dc7543b12a9ffd4af688b) Importer(815301076,1909f56bfc062723c751e8b465ee728b)
Start importing Assets/_Scenes/hw0_1/LightingData.asset using Guid(d8dfcc44b71dc7543b12a9ffd4af688b) Importer(815301076,1909f56bfc062723c751e8b465ee728b) Lighting data asset ‘LightingData’ is incompatible with the current Unity version. Please use Generate Lighting to rebuild the lighting data.  Realtime Global Illumination cannot be used until the lighting data is rebuilt.
 -> (artifact id: '6b88ffda4f794acdd3a391cba689522c') in 0.003413 seconds 
  Import took 0.007107 seconds .

========================================================================
Received Import Request.
  Time since last request: 0.000222 seconds.
  path: Assets/_Scenes/hw0_1/ReflectionProbe-0.exr
  artifactKey: Guid(ecbcbca5aa2de87479c4a07e083c92c9) Importer(815301076,1909f56bfc062723c751e8b465ee728b)
Start importing Assets/_Scenes/hw0_1/ReflectionProbe-0.exr using Guid(ecbcbca5aa2de87479c4a07e083c92c9) Importer(815301076,1909f56bfc062723c751e8b465ee728b)  -> (artifact id: 'ae841c8806cea2b16b3f00e42c181fbe') in 0.099947 seconds 
  Import took 0.103469 seconds .

========================================================================
Received Import Request.
  Time since last request: 0.759208 seconds.
  path: Assets/_Scenes/Materials/blue.mat
  artifactKey: Guid(eb527b8c52880b54f9c924e888a5d477) Importer(815301076,1909f56bfc062723c751e8b465ee728b)
Start importing Assets/_Scenes/Materials/blue.mat using Guid(eb527b8c52880b54f9c924e888a5d477) Importer(815301076,1909f56bfc062723c751e8b465ee728b)  -> (artifact id: 'e0600462cea836f407a095ade0e1f775') in 0.074262 seconds 
  Import took 0.078013 seconds .

========================================================================
Received Import Request.
  Time since last request: 0.000214 seconds.
  path: Assets/_Scenes/Materials/黑色.mat
  artifactKey: Guid(e5100339281585b4fb710e8e4010a264) Importer(815301076,1909f56bfc062723c751e8b465ee728b)
Start importing Assets/_Scenes/Materials/黑色.mat using Guid(e5100339281585b4fb710e8e4010a264) Importer(815301076,1909f56bfc062723c751e8b465ee728b)  -> (artifact id: '2d410d08efcb661e7e9dd8d0c92317f8') in 0.016717 seconds 
  Import took 0.020061 seconds .

========================================================================
Received Import Request.
  Time since last request: 1.032827 seconds.
  path: Assets/Materials/1.mat
  artifactKey: Guid(0e2cc88a4948f094282fdd382fa2b91a) Importer(815301076,1909f56bfc062723c751e8b465ee728b)
Start importing Assets/Materials/1.mat using Guid(0e2cc88a4948f094282fdd382fa2b91a) Importer(815301076,1909f56bfc062723c751e8b465ee728b)  -> (artifact id: '4050ddd2fe770088c3fab74129686226') in 0.019161 seconds 
  Import took 0.023099 seconds .

========================================================================
Received Import Request.
  Time since last request: 0.000325 seconds.
  path: Assets/Materials/Pick Up.mat
  artifactKey: Guid(8d3f577362fed404193fe9b7ac69dcad) Importer(815301076,1909f56bfc062723c751e8b465ee728b)
Start importing Assets/Materials/Pick Up.mat using Guid(8d3f577362fed404193fe9b7ac69dcad) Importer(815301076,1909f56bfc062723c751e8b465ee728b)  -> (artifact id: '4badc5cb97c0222e25bd86de2b26153f') in 0.165634 seconds 
  Import took 0.168800 seconds .

========================================================================
Received Import Request.
  Time since last request: 0.000317 seconds.
  path: Assets/Materials/Background.mat
  artifactKey: Guid(d739b2c012cc946b1b3ea5ff51a4ea57) Importer(815301076,1909f56bfc062723c751e8b465ee728b)
Start importing Assets/Materials/Background.mat using Guid(d739b2c012cc946b1b3ea5ff51a4ea57) Importer(815301076,1909f56bfc062723c751e8b465ee728b)  -> (artifact id: '1fd9b987f5a3782bd902d1fbe3b3d411') in 0.018793 seconds 
  Import took 0.021932 seconds .

========================================================================
Received Import Request.
  Time since last request: 0.000304 seconds.
  path: Assets/Materials/foodiesfeed.com_oranges-with-ice.mat
  artifactKey: Guid(230dada862de6cc4da5197b7833773dd) Importer(815301076,1909f56bfc062723c751e8b465ee728b)
Start importing Assets/Materials/foodiesfeed.com_oranges-with-ice.mat using Guid(230dada862de6cc4da5197b7833773dd) Importer(815301076,1909f56bfc062723c751e8b465ee728b)  -> (artifact id: '1568f74a44af4803566e3e387ef36a07') in 0.068652 seconds 
  Import took 0.071974 seconds .

========================================================================
Received Import Request.
  Time since last request: 0.218775 seconds.
  path: Assets/Prefabs/Pick Up.prefab
  artifactKey: Guid(97e9e758b863a439fbc16a5b1e865bda) Importer(815301076,1909f56bfc062723c751e8b465ee728b)
Start importing Assets/Prefabs/Pick Up.prefab using Guid(97e9e758b863a439fbc16a5b1e865bda) Importer(815301076,1909f56bfc062723c751e8b465ee728b)  -> (artifact id: 'ee6feacfed7be70cf93912512d0c373f') in 0.030512 seconds 
  Import took 0.034737 seconds .

========================================================================
Received Import Request.
  Time since last request: 77.019797 seconds.
  path: Assets/Scripts/sound_cube.cs
  artifactKey: Guid(e5264b337a997e1458075444ffab8935) Importer(815301076,1909f56bfc062723c751e8b465ee728b)
Start importing Assets/Scripts/sound_cube.cs using Guid(e5264b337a997e1458075444ffab8935) Importer(815301076,1909f56bfc062723c751e8b465ee728b)  -> (artifact id: 'b8f6a68c2a5758983d860e35e61f1157') in 0.013550 seconds 
  Import took 0.018659 seconds .

========================================================================
Received Import Request.
  Time since last request: 1.271198 seconds.
  path: Assets/Scripts/PlayerController.cs
  artifactKey: Guid(0bb6049342e0b41dfa4c6749fb4b0fb4) Importer(815301076,1909f56bfc062723c751e8b465ee728b)
Start importing Assets/Scripts/PlayerController.cs using Guid(0bb6049342e0b41dfa4c6749fb4b0fb4) Importer(815301076,1909f56bfc062723c751e8b465ee728b)  -> (artifact id: '5d5233c951ca2555b105aaf88a5a47d3') in 0.008614 seconds 
  Import took 0.012270 seconds .

========================================================================
Received Import Request.
  Time since last request: 58.455278 seconds.
  path: Assets/Scripts/PlayerController.cs
  artifactKey: Guid(0bb6049342e0b41dfa4c6749fb4b0fb4) Importer(815301076,1909f56bfc062723c751e8b465ee728b)
Start importing Assets/Scripts/PlayerController.cs using Guid(0bb6049342e0b41dfa4c6749fb4b0fb4) Importer(815301076,1909f56bfc062723c751e8b465ee728b)  -> (artifact id: '65b68813f9437131f7ecb21c6a52bd24') in 0.002758 seconds 
  Import took 0.007069 seconds .

========================================================================
Received Prepare
Registering precompiled user dll's ...
Registered in 0.005414 seconds.
Begin MonoManager ReloadAssembly
Native extension for WindowsStandalone target not found
Refreshing native plugins compatible for Editor in 0.92 ms, found 2 plugins.
Preloading 0 native plugins for Editor in 0.00 ms.
Mono: successfully reloaded assembly
- Completed reload, in  1.695 seconds
Domain Reload Profiling:
	ReloadAssembly (1695ms)
		BeginReloadAssembly (185ms)
			ExecutionOrderSort (0ms)
			DisableScriptedObjects (7ms)
			BackupInstance (0ms)
			ReleaseScriptingObjects (0ms)
			CreateAndSetChildDomain (70ms)
		EndReloadAssembly (1401ms)
			LoadAssemblies (135ms)
			RebuildTransferFunctionScriptingTraits (0ms)
			SetupTypeCache (529ms)
			ReleaseScriptCaches (1ms)
			RebuildScriptCaches (73ms)
			SetupLoadedEditorAssemblies (505ms)
				LogAssemblyErrors (0ms)
				InitializePlatformSupportModulesInManaged (6ms)
				SetLoadedEditorAssemblies (1ms)
				RefreshPlugins (1ms)
				BeforeProcessingInitializeOnLoad (103ms)
				ProcessInitializeOnLoadAttributes (333ms)
				ProcessInitializeOnLoadMethodAttributes (53ms)
				AfterProcessingInitializeOnLoad (9ms)
				EditorAssembliesLoaded (0ms)
			ExecutionOrderSort2 (0ms)
			AwakeInstancesAfterBackupRestoration (10ms)
Platform modules already initialized, skipping
Refreshing native plugins compatible for Editor in 2.05 ms, found 2 plugins.
Preloading 0 native plugins for Editor in 0.00 ms.
Unloading 1965 Unused Serialized files (Serialized files now loaded: 0)
System memory in use before: 84.4 MB.
System memory in use after: 84.6 MB.

Unloading 47 unused Assets to reduce memory usage. Loaded Objects now: 2437.
Total: 9.727800 ms (FindLiveObjects: 0.217900 ms CreateObjectMapping: 0.078800 ms MarkObjects: 9.365800 ms  DeleteObjects: 0.062800 ms)

AssetImportParameters requested are different than current active one (requested -> active):
  custom:framework-win-MediaFoundation: 216162199b28c13a410421893ffa2e32 -> 
  custom:video-decoder-ogg-theora: a1e56fd34408186e4bbccfd4996cb3dc -> 
  custom:container-muxer-webm: aa71ff27fc2769a1b78a27578f13a17b -> 
  custom:container-demuxer-webm: 4f35f7cbe854078d1ac9338744f61a02 -> 
  custom:container-demuxer-ogg: 62fdf1f143b41e24485cea50d1cbac27 -> 
  custom:video-encoder-webm-vp8: eb34c28f22e8b96e1ab97ce403110664 -> 
  custom:video-decoder-webm-vp8: 9c59270c3fd7afecdb556c50c9e8de78 -> 
  custom:audio-decoder-ogg-vorbis: bf7c407c2cedff20999df2af8eb42d56 -> 
  custom:audio-encoder-webm-vorbis: bf7c407c2cedff20999df2af8eb42d56 -> 
========================================================================
Received Import Request.
  Time since last request: 56.395733 seconds.
  path: Assets/Scripts/PlayerController.cs
  artifactKey: Guid(0bb6049342e0b41dfa4c6749fb4b0fb4) Importer(815301076,1909f56bfc062723c751e8b465ee728b)
Start importing Assets/Scripts/PlayerController.cs using Guid(0bb6049342e0b41dfa4c6749fb4b0fb4) Importer(815301076,1909f56bfc062723c751e8b465ee728b)  -> (artifact id: 'f7f870afe552293c9ef8ef27cab59499') in 0.008456 seconds 
  Import took 0.012440 seconds .

========================================================================
Received Prepare
Registering precompiled user dll's ...
Registered in 0.005377 seconds.
Begin MonoManager ReloadAssembly
Native extension for WindowsStandalone target not found
Refreshing native plugins compatible for Editor in 1.10 ms, found 2 plugins.
Preloading 0 native plugins for Editor in 0.00 ms.
Mono: successfully reloaded assembly
- Completed reload, in  2.004 seconds
Domain Reload Profiling:
	ReloadAssembly (2004ms)
		BeginReloadAssembly (201ms)
			ExecutionOrderSort (0ms)
			DisableScriptedObjects (16ms)
			BackupInstance (0ms)
			ReleaseScriptingObjects (0ms)
			CreateAndSetChildDomain (66ms)
		EndReloadAssembly (1705ms)
			LoadAssemblies (201ms)
			RebuildTransferFunctionScriptingTraits (0ms)
			SetupTypeCache (525ms)
			ReleaseScriptCaches (2ms)
			RebuildScriptCaches (98ms)
			SetupLoadedEditorAssemblies (690ms)
				LogAssemblyErrors (0ms)
				InitializePlatformSupportModulesInManaged (11ms)
				SetLoadedEditorAssemblies (1ms)
				RefreshPlugins (1ms)
				BeforeProcessingInitializeOnLoad (116ms)
				ProcessInitializeOnLoadAttributes (465ms)
				ProcessInitializeOnLoadMethodAttributes (82ms)
				AfterProcessingInitializeOnLoad (13ms)
				EditorAssembliesLoaded (0ms)
			ExecutionOrderSort2 (0ms)
			AwakeInstancesAfterBackupRestoration (12ms)
Platform modules already initialized, skipping
Refreshing native plugins compatible for Editor in 1.42 ms, found 2 plugins.
Preloading 0 native plugins for Editor in 0.00 ms.
Unloading 1965 Unused Serialized files (Serialized files now loaded: 0)
System memory in use before: 84.5 MB.
System memory in use after: 84.6 MB.

Unloading 47 unused Assets to reduce memory usage. Loaded Objects now: 2439.
Total: 10.532000 ms (FindLiveObjects: 0.237400 ms CreateObjectMapping: 0.080200 ms MarkObjects: 10.145700 ms  DeleteObjects: 0.065600 ms)

AssetImportParameters requested are different than current active one (requested -> active):
  custom:framework-win-MediaFoundation: 216162199b28c13a410421893ffa2e32 -> 
  custom:video-decoder-ogg-theora: a1e56fd34408186e4bbccfd4996cb3dc -> 
  custom:container-muxer-webm: aa71ff27fc2769a1b78a27578f13a17b -> 
  custom:container-demuxer-webm: 4f35f7cbe854078d1ac9338744f61a02 -> 
  custom:container-demuxer-ogg: 62fdf1f143b41e24485cea50d1cbac27 -> 
  custom:video-encoder-webm-vp8: eb34c28f22e8b96e1ab97ce403110664 -> 
  custom:video-decoder-webm-vp8: 9c59270c3fd7afecdb556c50c9e8de78 -> 
  custom:audio-decoder-ogg-vorbis: bf7c407c2cedff20999df2af8eb42d56 -> 
  custom:audio-encoder-webm-vorbis: bf7c407c2cedff20999df2af8eb42d56 -> 
========================================================================
Received Prepare
Registering precompiled user dll's ...
Registered in 0.006171 seconds.
Begin MonoManager ReloadAssembly
Native extension for WindowsStandalone target not found
Refreshing native plugins compatible for Editor in 0.91 ms, found 2 plugins.
Preloading 0 native plugins for Editor in 0.00 ms.
Mono: successfully reloaded assembly
- Completed reload, in  1.565 seconds
Domain Reload Profiling:
	ReloadAssembly (1566ms)
		BeginReloadAssembly (166ms)
			ExecutionOrderSort (0ms)
			DisableScriptedObjects (12ms)
			BackupInstance (0ms)
			ReleaseScriptingObjects (0ms)
			CreateAndSetChildDomain (49ms)
		EndReloadAssembly (1293ms)
			LoadAssemblies (121ms)
			RebuildTransferFunctionScriptingTraits (0ms)
			SetupTypeCache (489ms)
			ReleaseScriptCaches (1ms)
			RebuildScriptCaches (66ms)
			SetupLoadedEditorAssemblies (474ms)
				LogAssemblyErrors (0ms)
				InitializePlatformSupportModulesInManaged (6ms)
				SetLoadedEditorAssemblies (1ms)
				RefreshPlugins (1ms)
				BeforeProcessingInitializeOnLoad (96ms)
				ProcessInitializeOnLoadAttributes (317ms)
				ProcessInitializeOnLoadMethodAttributes (44ms)
				AfterProcessingInitializeOnLoad (8ms)
				EditorAssembliesLoaded (0ms)
			ExecutionOrderSort2 (0ms)
			AwakeInstancesAfterBackupRestoration (10ms)
Platform modules already initialized, skipping
Refreshing native plugins compatible for Editor in 1.42 ms, found 2 plugins.
Preloading 0 native plugins for Editor in 0.00 ms.
Unloading 1965 Unused Serialized files (Serialized files now loaded: 0)
System memory in use before: 84.5 MB.
System memory in use after: 84.6 MB.

Unloading 47 unused Assets to reduce memory usage. Loaded Objects now: 2441.
Total: 8.951800 ms (FindLiveObjects: 0.409900 ms CreateObjectMapping: 0.101500 ms MarkObjects: 8.392700 ms  DeleteObjects: 0.043200 ms)

AssetImportParameters requested are different than current active one (requested -> active):
  custom:framework-win-MediaFoundation: 216162199b28c13a410421893ffa2e32 -> 
  custom:video-decoder-ogg-theora: a1e56fd34408186e4bbccfd4996cb3dc -> 
  custom:container-muxer-webm: aa71ff27fc2769a1b78a27578f13a17b -> 
  custom:container-demuxer-webm: 4f35f7cbe854078d1ac9338744f61a02 -> 
  custom:container-demuxer-ogg: 62fdf1f143b41e24485cea50d1cbac27 -> 
  custom:video-encoder-webm-vp8: eb34c28f22e8b96e1ab97ce403110664 -> 
  custom:video-decoder-webm-vp8: 9c59270c3fd7afecdb556c50c9e8de78 -> 
  custom:audio-decoder-ogg-vorbis: bf7c407c2cedff20999df2af8eb42d56 -> 
  custom:audio-encoder-webm-vorbis: bf7c407c2cedff20999df2af8eb42d56 -> 
========================================================================
Received Import Request.
  Time since last request: 61.168690 seconds.
  path: Assets/Scripts/PlayerController.cs
  artifactKey: Guid(0bb6049342e0b41dfa4c6749fb4b0fb4) Importer(815301076,1909f56bfc062723c751e8b465ee728b)
Start importing Assets/Scripts/PlayerController.cs using Guid(0bb6049342e0b41dfa4c6749fb4b0fb4) Importer(815301076,1909f56bfc062723c751e8b465ee728b)  -> (artifact id: '38adbe220ea4ea7a3a2e69d78217534f') in 0.006550 seconds 
  Import took 0.010087 seconds .

========================================================================
Received Prepare
Registering precompiled user dll's ...
Registered in 0.006873 seconds.
Begin MonoManager ReloadAssembly
Native extension for WindowsStandalone target not found
Refreshing native plugins compatible for Editor in 0.96 ms, found 2 plugins.
Preloading 0 native plugins for Editor in 0.00 ms.
Mono: successfully reloaded assembly
- Completed reload, in  1.749 seconds
Domain Reload Profiling:
	ReloadAssembly (1750ms)
		BeginReloadAssembly (280ms)
			ExecutionOrderSort (0ms)
			DisableScriptedObjects (9ms)
			BackupInstance (0ms)
			ReleaseScriptingObjects (0ms)
			CreateAndSetChildDomain (102ms)
		EndReloadAssembly (1379ms)
			LoadAssemblies (175ms)
			RebuildTransferFunctionScriptingTraits (0ms)
			SetupTypeCache (419ms)
			ReleaseScriptCaches (1ms)
			RebuildScriptCaches (75ms)
			SetupLoadedEditorAssemblies (586ms)
				LogAssemblyErrors (0ms)
				InitializePlatformSupportModulesInManaged (8ms)
				SetLoadedEditorAssemblies (1ms)
				RefreshPlugins (1ms)
				BeforeProcessingInitializeOnLoad (119ms)
				ProcessInitializeOnLoadAttributes (382ms)
				ProcessInitializeOnLoadMethodAttributes (67ms)
				AfterProcessingInitializeOnLoad (9ms)
				EditorAssembliesLoaded (0ms)
			ExecutionOrderSort2 (0ms)
			AwakeInstancesAfterBackupRestoration (14ms)
Platform modules already initialized, skipping
Refreshing native plugins compatible for Editor in 1.18 ms, found 2 plugins.
Preloading 0 native plugins for Editor in 0.00 ms.
Unloading 1965 Unused Serialized files (Serialized files now loaded: 0)
System memory in use before: 84.5 MB.
System memory in use after: 84.6 MB.

Unloading 47 unused Assets to reduce memory usage. Loaded Objects now: 2443.
Total: 13.701700 ms (FindLiveObjects: 0.250900 ms CreateObjectMapping: 0.116000 ms MarkObjects: 13.065600 ms  DeleteObjects: 0.262300 ms)

AssetImportParameters requested are different than current active one (requested -> active):
  custom:framework-win-MediaFoundation: 216162199b28c13a410421893ffa2e32 -> 
  custom:video-decoder-ogg-theora: a1e56fd34408186e4bbccfd4996cb3dc -> 
  custom:container-muxer-webm: aa71ff27fc2769a1b78a27578f13a17b -> 
  custom:container-demuxer-webm: 4f35f7cbe854078d1ac9338744f61a02 -> 
  custom:container-demuxer-ogg: 62fdf1f143b41e24485cea50d1cbac27 -> 
  custom:video-encoder-webm-vp8: eb34c28f22e8b96e1ab97ce403110664 -> 
  custom:video-decoder-webm-vp8: 9c59270c3fd7afecdb556c50c9e8de78 -> 
  custom:audio-decoder-ogg-vorbis: bf7c407c2cedff20999df2af8eb42d56 -> 
  custom:audio-encoder-webm-vorbis: bf7c407c2cedff20999df2af8eb42d56 -> 
========================================================================
Received Prepare
Registering precompiled user dll's ...
Registered in 0.011824 seconds.
Begin MonoManager ReloadAssembly
Native extension for WindowsStandalone target not found
Refreshing native plugins compatible for Editor in 1.03 ms, found 2 plugins.
Preloading 0 native plugins for Editor in 0.00 ms.
Mono: successfully reloaded assembly
- Completed reload, in  2.138 seconds
Domain Reload Profiling:
	ReloadAssembly (2139ms)
		BeginReloadAssembly (256ms)
			ExecutionOrderSort (0ms)
			DisableScriptedObjects (9ms)
			BackupInstance (0ms)
			ReleaseScriptingObjects (0ms)
			CreateAndSetChildDomain (68ms)
		EndReloadAssembly (1789ms)
			LoadAssemblies (201ms)
			RebuildTransferFunctionScriptingTraits (0ms)
			SetupTypeCache (533ms)
			ReleaseScriptCaches (1ms)
			RebuildScriptCaches (103ms)
			SetupLoadedEditorAssemblies (746ms)
				LogAssemblyErrors (0ms)
				InitializePlatformSupportModulesInManaged (7ms)
				SetLoadedEditorAssemblies (1ms)
				RefreshPlugins (1ms)
				BeforeProcessingInitializeOnLoad (146ms)
				ProcessInitializeOnLoadAttributes (494ms)
				ProcessInitializeOnLoadMethodAttributes (83ms)
				AfterProcessingInitializeOnLoad (14ms)
				EditorAssembliesLoaded (1ms)
			ExecutionOrderSort2 (0ms)
			AwakeInstancesAfterBackupRestoration (14ms)
Platform modules already initialized, skipping
Refreshing native plugins compatible for Editor in 1.79 ms, found 2 plugins.
Preloading 0 native plugins for Editor in 0.00 ms.
Unloading 1965 Unused Serialized files (Serialized files now loaded: 0)
System memory in use before: 84.5 MB.
System memory in use after: 84.6 MB.

Unloading 47 unused Assets to reduce memory usage. Loaded Objects now: 2445.
Total: 11.065500 ms (FindLiveObjects: 0.979400 ms CreateObjectMapping: 0.451200 ms MarkObjects: 9.576500 ms  DeleteObjects: 0.050000 ms)

AssetImportParameters requested are different than current active one (requested -> active):
  custom:framework-win-MediaFoundation: 216162199b28c13a410421893ffa2e32 -> 
  custom:video-decoder-ogg-theora: a1e56fd34408186e4bbccfd4996cb3dc -> 
  custom:container-muxer-webm: aa71ff27fc2769a1b78a27578f13a17b -> 
  custom:container-demuxer-webm: 4f35f7cbe854078d1ac9338744f61a02 -> 
  custom:container-demuxer-ogg: 62fdf1f143b41e24485cea50d1cbac27 -> 
  custom:video-encoder-webm-vp8: eb34c28f22e8b96e1ab97ce403110664 -> 
  custom:video-decoder-webm-vp8: 9c59270c3fd7afecdb556c50c9e8de78 -> 
  custom:audio-decoder-ogg-vorbis: bf7c407c2cedff20999df2af8eb42d56 -> 
  custom:audio-encoder-webm-vorbis: bf7c407c2cedff20999df2af8eb42d56 -> 
========================================================================
Received Prepare
Registering precompiled user dll's ...
Registered in 0.005412 seconds.
Begin MonoManager ReloadAssembly
Native extension for WindowsStandalone target not found
Refreshing native plugins compatible for Editor in 1.54 ms, found 2 plugins.
Preloading 0 native plugins for Editor in 0.00 ms.
Mono: successfully reloaded assembly
- Completed reload, in  1.970 seconds
Domain Reload Profiling:
	ReloadAssembly (1971ms)
		BeginReloadAssembly (275ms)
			ExecutionOrderSort (0ms)
			DisableScriptedObjects (9ms)
			BackupInstance (0ms)
			ReleaseScriptingObjects (2ms)
			CreateAndSetChildDomain (63ms)
		EndReloadAssembly (1588ms)
			LoadAssemblies (223ms)
			RebuildTransferFunctionScriptingTraits (0ms)
			SetupTypeCache (460ms)
			ReleaseScriptCaches (1ms)
			RebuildScriptCaches (84ms)
			SetupLoadedEditorAssemblies (682ms)
				LogAssemblyErrors (0ms)
				InitializePlatformSupportModulesInManaged (21ms)
				SetLoadedEditorAssemblies (1ms)
				RefreshPlugins (2ms)
				BeforeProcessingInitializeOnLoad (131ms)
				ProcessInitializeOnLoadAttributes (465ms)
				ProcessInitializeOnLoadMethodAttributes (54ms)
				AfterProcessingInitializeOnLoad (9ms)
				EditorAssembliesLoaded (0ms)
			ExecutionOrderSort2 (0ms)
			AwakeInstancesAfterBackupRestoration (15ms)
Platform modules already initialized, skipping
Refreshing native plugins compatible for Editor in 1.00 ms, found 2 plugins.
Preloading 0 native plugins for Editor in 0.00 ms.
Unloading 1965 Unused Serialized files (Serialized files now loaded: 0)
System memory in use before: 84.5 MB.
System memory in use after: 84.6 MB.

Unloading 47 unused Assets to reduce memory usage. Loaded Objects now: 2447.
Total: 9.369600 ms (FindLiveObjects: 0.235200 ms CreateObjectMapping: 0.088800 ms MarkObjects: 8.987200 ms  DeleteObjects: 0.056200 ms)

AssetImportParameters requested are different than current active one (requested -> active):
  custom:framework-win-MediaFoundation: 216162199b28c13a410421893ffa2e32 -> 
  custom:video-decoder-ogg-theora: a1e56fd34408186e4bbccfd4996cb3dc -> 
  custom:container-muxer-webm: aa71ff27fc2769a1b78a27578f13a17b -> 
  custom:container-demuxer-webm: 4f35f7cbe854078d1ac9338744f61a02 -> 
  custom:container-demuxer-ogg: 62fdf1f143b41e24485cea50d1cbac27 -> 
  custom:video-encoder-webm-vp8: eb34c28f22e8b96e1ab97ce403110664 -> 
  custom:video-decoder-webm-vp8: 9c59270c3fd7afecdb556c50c9e8de78 -> 
  custom:audio-decoder-ogg-vorbis: bf7c407c2cedff20999df2af8eb42d56 -> 
  custom:audio-encoder-webm-vorbis: bf7c407c2cedff20999df2af8eb42d56 -> 
AssetImportWorkerClient::OnTransportError - code=2 error=End of file
